00:06:58 : Rcon client logging in
﻿00:06:58 : RCon admin #0 (127.0.0.1:58646) logged in
﻿00:07:06 : Player #0 Barney (79.197.145.248:2304) connected
﻿00:07:06 : Connected to BE Master
﻿00:07:07 : Player #0 Barney - BE GUID: 70a20e63f53fdd7f0c6112408876bfe4
﻿00:07:08 : Verified GUID (70a20e63f53fdd7f0c6112408876bfe4) of player #0 Barney
﻿00:09:30 : Lost Connection!
﻿00:09:30 : Closing socket & exiting!
﻿00:10:32 : Rcon client logging in
﻿00:10:32 : RCon admin #0 (127.0.0.1:57254) logged in
﻿00:12:33 : Player #0 Barney (79.197.145.248:2304) connected
﻿00:12:33 : Connected to BE Master
﻿00:12:34 : Player #0 Barney - BE GUID: 70a20e63f53fdd7f0c6112408876bfe4
﻿00:12:35 : Verified GUID (70a20e63f53fdd7f0c6112408876bfe4) of player #0 Barney
﻿00:14:33 : Player #0 Barney disconnected
﻿05:10:32 : RCon admin #0: (Global) Server Restart in 1 hour!
﻿05:40:32 : RCon admin #0: (Global) Server Restart in 30 Minutes!
﻿05:55:32 : RCon admin #0: (Global) Server Restart in 15 Minutes!
﻿06:00:32 : RCon admin #0: (Global) Server Restart in 10 Minutes!
﻿06:05:32 : RCon admin #0: (Global) Server Restart in 5 Minutes!
﻿06:07:32 : RCon admin #0: (Global) Server Restart in 3 Minutes!
﻿06:09:32 : RCon admin #0: (Global) Server Restart in 1 Minutes!
﻿06:10:02 : RCon admin #0: (Global) Server Restart in 30 SECONDS!
﻿06:10:37 : Lost Connection!
﻿06:10:37 : Closing socket & exiting!
﻿06:11:16 : Rcon client logging in
﻿06:11:17 : RCon admin #0 (127.0.0.1:65398) logged in
﻿07:35:40 : Player #0 Krombopulos Michael (134.101.136.201:2304) connected
﻿07:35:40 : Connected to BE Master
﻿07:35:42 : Player #0 Krombopulos Michael - BE GUID: ebd3d7a6452c764e09a3beed8da85652
﻿07:35:42 : Verified GUID (ebd3d7a6452c764e09a3beed8da85652) of player #0 Krombopulos Michael
﻿07:40:29 : Player #0 Krombopulos Michael disconnected
﻿08:11:25 : Player #0 Krombopulos Michael (134.101.136.201:2304) connected
﻿08:11:26 : Player #0 Krombopulos Michael - BE GUID: ebd3d7a6452c764e09a3beed8da85652
﻿08:11:26 : Verified GUID (ebd3d7a6452c764e09a3beed8da85652) of player #0 Krombopulos Michael
﻿08:22:32 : Player #0 Krombopulos Michael disconnected
﻿10:40:36 : Player #0 Jay Coast (46.125.250.22:19666) connected
﻿10:40:37 : Player #0 Jay Coast - BE GUID: 2b9fb697c3f43c24e7b57a92e8f37243
﻿10:40:38 : Verified GUID (2b9fb697c3f43c24e7b57a92e8f37243) of player #0 Jay Coast
﻿10:52:40 : No Valid response. Trying to reconnect.!
﻿10:52:40 : Rcon client logging in
﻿10:52:40 : RCon admin #0 (127.0.0.1:65398) logged in
﻿11:02:43 : Player #0 Jay Coast disconnected
﻿11:11:17 : RCon admin #0: (Global) Server Restart in 1 hour!
﻿11:41:17 : RCon admin #0: (Global) Server Restart in 30 Minutes!
﻿11:56:17 : RCon admin #0: (Global) Server Restart in 15 Minutes!
﻿12:01:17 : RCon admin #0: (Global) Server Restart in 10 Minutes!
﻿12:06:17 : RCon admin #0: (Global) Server Restart in 5 Minutes!
﻿12:08:17 : RCon admin #0: (Global) Server Restart in 3 Minutes!
﻿12:10:17 : RCon admin #0: (Global) Server Restart in 1 Minutes!
﻿12:10:47 : RCon admin #0: (Global) Server Restart in 30 SECONDS!
﻿12:11:24 : Lost Connection!
﻿12:11:24 : Closing socket & exiting!
﻿12:11:56 : Rcon client logging in
﻿12:11:56 : RCon admin #0 (127.0.0.1:61811) logged in
﻿17:11:57 : RCon admin #0: (Global) Server Restart in 1 hour!
﻿17:41:57 : RCon admin #0: (Global) Server Restart in 30 Minutes!
﻿17:56:57 : RCon admin #0: (Global) Server Restart in 15 Minutes!
﻿18:01:57 : RCon admin #0: (Global) Server Restart in 10 Minutes!
﻿18:06:56 : RCon admin #0: (Global) Server Restart in 5 Minutes!
﻿18:08:57 : RCon admin #0: (Global) Server Restart in 3 Minutes!
﻿18:10:57 : RCon admin #0: (Global) Server Restart in 1 Minutes!
﻿18:11:27 : RCon admin #0: (Global) Server Restart in 30 SECONDS!
﻿18:12:01 : Lost Connection!
﻿18:12:01 : Closing socket & exiting!
﻿18:12:38 : Rcon client logging in
﻿18:12:38 : RCon admin #0 (127.0.0.1:55688) logged in
﻿19:39:22 : Lost Connection!
﻿19:39:22 : Closing socket & exiting!
﻿19:40:11 : Rcon client logging in
﻿19:40:11 : RCon admin #0 (127.0.0.1:62682) logged in
﻿19:41:57 : Player #0 Barney (79.197.145.248:2304) connected
﻿19:41:57 : Connected to BE Master
﻿19:41:59 : Player #0 Barney - BE GUID: 70a20e63f53fdd7f0c6112408876bfe4
﻿19:41:59 : Verified GUID (70a20e63f53fdd7f0c6112408876bfe4) of player #0 Barney
﻿20:09:55 : Player #1 Jay Coast (46.125.250.22:19701) connected
﻿20:09:56 : Player #1 Jay Coast - BE GUID: 2b9fb697c3f43c24e7b57a92e8f37243
﻿20:09:56 : Verified GUID (2b9fb697c3f43c24e7b57a92e8f37243) of player #1 Jay Coast
﻿20:17:07 : Player #2 Patrick  Schlauberger (77.119.129.88:45933) connected
﻿20:17:09 : Player #2 Patrick  Schlauberger - BE GUID: ec232df5786d88fd35e18ecd220cec62
﻿20:17:10 : Verified GUID (ec232df5786d88fd35e18ecd220cec62) of player #2 Patrick  Schlauberger
﻿20:17:10 : Player #2 Patrick  Schlauberger disconnected
﻿20:17:39 : Player #2 Patrick  Schlauberger (77.119.129.88:45933) connected
﻿20:17:40 : Player #2 Patrick  Schlauberger - BE GUID: ec232df5786d88fd35e18ecd220cec62
﻿20:17:41 : Verified GUID (ec232df5786d88fd35e18ecd220cec62) of player #2 Patrick  Schlauberger
﻿20:17:41 : Player #2 Patrick  Schlauberger disconnected
﻿20:18:57 : Player #2 Patrick  Schlauberger (77.119.129.88:45933) connected
﻿20:18:59 : Player #2 Patrick  Schlauberger - BE GUID: ec232df5786d88fd35e18ecd220cec62
﻿20:18:59 : Verified GUID (ec232df5786d88fd35e18ecd220cec62) of player #2 Patrick  Schlauberger
﻿20:40:25 : Player #2 Patrick  Schlauberger disconnected
﻿20:40:55 : Player #1 Jay Coast disconnected
﻿20:56:23 : Lost Connection!
﻿20:56:23 : Closing socket & exiting!
﻿20:57:20 : Rcon client logging in
﻿20:57:20 : RCon admin #0 (127.0.0.1:62116) logged in
﻿20:57:27 : Player #0 Barney (79.197.145.248:2304) connected
﻿20:57:27 : Connected to BE Master
﻿20:57:28 : Player #0 Barney - BE GUID: 70a20e63f53fdd7f0c6112408876bfe4
﻿20:57:28 : Verified GUID (70a20e63f53fdd7f0c6112408876bfe4) of player #0 Barney
﻿20:58:11 : Player #0 Barney disconnected
﻿20:59:36 : Player #0 Barney (79.197.145.248:2304) connected
﻿20:59:37 : Player #0 Barney - BE GUID: 70a20e63f53fdd7f0c6112408876bfe4
﻿20:59:38 : Verified GUID (70a20e63f53fdd7f0c6112408876bfe4) of player #0 Barney
﻿21:16:35 : Player #1 Krombopulos Michael (134.101.136.201:2304) connected
﻿21:16:37 : Player #1 Krombopulos Michael - BE GUID: ebd3d7a6452c764e09a3beed8da85652
﻿21:16:37 : Verified GUID (ebd3d7a6452c764e09a3beed8da85652) of player #1 Krombopulos Michael
﻿21:27:58 : Player #0 Barney disconnected
﻿21:40:55 : Player #2 Barney (79.197.145.248:2304) connected
﻿21:40:57 : Player #2 Barney - BE GUID: 70a20e63f53fdd7f0c6112408876bfe4
﻿21:40:57 : Verified GUID (70a20e63f53fdd7f0c6112408876bfe4) of player #2 Barney
﻿21:58:10 : Player #1 Krombopulos Michael disconnected
﻿21:58:46 : Lost Connection!
﻿21:58:46 : Closing socket & exiting!
