00:08:25 : RCon admin #0: (Global) Server Restart in 30 Minutes!
﻿00:23:25 : RCon admin #0: (Global) Server Restart in 15 Minutes!
﻿00:28:25 : RCon admin #0: (Global) Server Restart in 10 Minutes!
﻿00:33:25 : RCon admin #0: (Global) Server Restart in 5 Minutes!
﻿00:35:25 : RCon admin #0: (Global) Server Restart in 3 Minutes!
﻿00:37:25 : RCon admin #0: (Global) Server Restart in 1 Minutes!
﻿00:37:55 : RCon admin #0: (Global) Server Restart in 30 SECONDS!
﻿00:38:30 : Lost Connection!
﻿00:38:30 : Closing socket & exiting!
﻿00:39:07 : Rcon client logging in
﻿00:39:07 : RCon admin #0 (127.0.0.1:50798) logged in
﻿05:39:07 : RCon admin #0: (Global) Server Restart in 1 hour!
﻿06:09:07 : RCon admin #0: (Global) Server Restart in 30 Minutes!
﻿06:24:07 : RCon admin #0: (Global) Server Restart in 15 Minutes!
﻿06:29:07 : RCon admin #0: (Global) Server Restart in 10 Minutes!
﻿06:34:07 : RCon admin #0: (Global) Server Restart in 5 Minutes!
﻿06:36:07 : RCon admin #0: (Global) Server Restart in 3 Minutes!
﻿06:38:07 : RCon admin #0: (Global) Server Restart in 1 Minutes!
﻿06:38:37 : RCon admin #0: (Global) Server Restart in 30 SECONDS!
﻿06:39:12 : Lost Connection!
﻿06:39:12 : Closing socket & exiting!
﻿06:39:51 : Rcon client logging in
﻿06:39:51 : RCon admin #0 (127.0.0.1:54712) logged in
﻿11:39:52 : RCon admin #0: (Global) Server Restart in 1 hour!
﻿12:09:52 : RCon admin #0: (Global) Server Restart in 30 Minutes!
﻿12:24:52 : RCon admin #0: (Global) Server Restart in 15 Minutes!
﻿12:29:52 : RCon admin #0: (Global) Server Restart in 10 Minutes!
﻿12:34:52 : RCon admin #0: (Global) Server Restart in 5 Minutes!
﻿12:36:52 : RCon admin #0: (Global) Server Restart in 3 Minutes!
﻿12:38:52 : RCon admin #0: (Global) Server Restart in 1 Minutes!
﻿12:39:22 : RCon admin #0: (Global) Server Restart in 30 SECONDS!
﻿12:39:56 : Lost Connection!
﻿12:39:56 : Closing socket & exiting!
﻿12:40:31 : Rcon client logging in
﻿12:40:31 : RCon admin #0 (127.0.0.1:56854) logged in
﻿16:21:16 : Player #0 Krombopulos Michael (46.59.194.108:2304) connected
﻿16:21:16 : Connected to BE Master
﻿16:21:17 : Player #0 Krombopulos Michael - BE GUID: ebd3d7a6452c764e09a3beed8da85652
﻿16:21:18 : Verified GUID (ebd3d7a6452c764e09a3beed8da85652) of player #0 Krombopulos Michael
﻿16:38:18 : Player #1 Jay Coast (213.162.73.117:64700) connected
﻿16:38:19 : Player #1 Jay Coast - BE GUID: 2b9fb697c3f43c24e7b57a92e8f37243
﻿16:38:19 : Verified GUID (2b9fb697c3f43c24e7b57a92e8f37243) of player #1 Jay Coast
﻿17:05:20 : Player #1 Jay Coast disconnected
﻿17:05:47 : Player #0 Krombopulos Michael disconnected
﻿17:11:24 : Player #0 Krombopulos Michael (46.59.194.108:2304) connected
﻿17:11:26 : Player #0 Krombopulos Michael - BE GUID: ebd3d7a6452c764e09a3beed8da85652
﻿17:11:26 : Verified GUID (ebd3d7a6452c764e09a3beed8da85652) of player #0 Krombopulos Michael
﻿17:13:42 : Player #1 Barney (79.197.145.248:2304) connected
﻿17:13:43 : Player #1 Barney - BE GUID: 70a20e63f53fdd7f0c6112408876bfe4
﻿17:13:44 : Verified GUID (70a20e63f53fdd7f0c6112408876bfe4) of player #1 Barney
﻿17:14:07 : Player #0 Krombopulos Michael disconnected
﻿17:17:43 : Player #1 Barney disconnected
﻿17:40:32 : RCon admin #0: (Global) Server Restart in 1 hour!
﻿18:10:32 : RCon admin #0: (Global) Server Restart in 30 Minutes!
﻿18:25:32 : RCon admin #0: (Global) Server Restart in 15 Minutes!
﻿18:30:32 : RCon admin #0: (Global) Server Restart in 10 Minutes!
﻿18:35:32 : RCon admin #0: (Global) Server Restart in 5 Minutes!
﻿18:37:32 : RCon admin #0: (Global) Server Restart in 3 Minutes!
﻿18:39:32 : RCon admin #0: (Global) Server Restart in 1 Minutes!
﻿18:40:02 : RCon admin #0: (Global) Server Restart in 30 SECONDS!
﻿18:40:36 : Lost Connection!
﻿18:40:36 : Closing socket & exiting!
﻿18:41:13 : Rcon client logging in
﻿18:41:14 : RCon admin #0 (127.0.0.1:50941) logged in
﻿23:27:50 : Player #0 Barney (79.197.145.248:2304) connected
﻿23:27:50 : Connected to BE Master
﻿23:27:51 : Player #0 Barney - BE GUID: 70a20e63f53fdd7f0c6112408876bfe4
﻿23:27:52 : Verified GUID (70a20e63f53fdd7f0c6112408876bfe4) of player #0 Barney
﻿23:29:13 : Player #0 Barney disconnected
﻿23:41:14 : RCon admin #0: (Global) Server Restart in 1 hour!
﻿23:56:37 : Player #0 Barney (79.197.145.248:2304) connected
﻿23:56:38 : Player #0 Barney - BE GUID: 70a20e63f53fdd7f0c6112408876bfe4
﻿23:56:38 : Verified GUID (70a20e63f53fdd7f0c6112408876bfe4) of player #0 Barney
