00:10:01 : RCon admin #1: (Global) Server Restart in 1 hour!
﻿00:40:01 : RCon admin #1: (Global) Server Restart in 30 Minutes!
﻿00:54:47 : Player #12 bravo (73.18.253.99:2304) connected
﻿00:54:49 : Player #12 bravo - BE GUID: 2e4179c9350c8b4bc52019116634c7bb
﻿00:54:50 : Verified GUID (2e4179c9350c8b4bc52019116634c7bb) of player #12 bravo
﻿00:55:01 : RCon admin #1: (Global) Server Restart in 15 Minutes!
﻿00:57:47 : Player #12 bravo disconnected
﻿00:57:59 : Player #11 Martin Carstens disconnected
﻿01:00:01 : RCon admin #1: (Global) Server Restart in 10 Minutes!
﻿01:05:01 : RCon admin #1: (Global) Server Restart in 5 Minutes!
﻿01:07:01 : RCon admin #1: (Global) Server Restart in 3 Minutes!
﻿01:09:02 : RCon admin #1: (Global) Server Restart in 1 Minutes!
﻿01:09:31 : RCon admin #1: (Global) Server Restart in 30 SECONDS!
﻿01:10:06 : Lost Connection!
﻿01:10:06 : Closing socket & exiting!
﻿01:10:43 : Rcon client logging in
﻿01:10:43 : RCon admin #1 (127.0.0.1:52254) logged in
﻿01:13:47 : Player #0 Randy Mark (185.6.122.45:2304) connected
﻿01:13:47 : Connected to BE Master
﻿01:13:49 : Player #0 Randy Mark - BE GUID: 396f3f311dd50c274efbb9d1886c45da
﻿01:13:49 : Verified GUID (396f3f311dd50c274efbb9d1886c45da) of player #0 Randy Mark
﻿01:47:40 : Player #0 Randy Mark disconnected
