00:01:49 : Rcon client logging in
﻿00:01:49 : RCon admin #0 (127.0.0.1:61609) logged in
﻿00:02:37 : Player #0 Barney (79.197.145.248:2304) connected
﻿00:02:38 : Connected to BE Master
﻿00:02:39 : Player #0 Barney - BE GUID: 70a20e63f53fdd7f0c6112408876bfe4
﻿00:02:39 : Verified GUID (70a20e63f53fdd7f0c6112408876bfe4) of player #0 Barney
﻿00:03:30 : Lost Connection!
﻿00:03:30 : Closing socket & exiting!
﻿00:06:09 : Rcon client logging in
﻿00:06:09 : RCon admin #0 (127.0.0.1:51148) logged in
﻿00:06:29 : Player #0 Barney (79.197.145.248:2304) connected
﻿00:06:29 : Connected to BE Master
﻿00:06:31 : Player #0 Barney - BE GUID: 70a20e63f53fdd7f0c6112408876bfe4
﻿00:06:31 : Verified GUID (70a20e63f53fdd7f0c6112408876bfe4) of player #0 Barney
﻿00:07:01 : Lost Connection!
﻿00:07:01 : Closing socket & exiting!
﻿00:07:39 : Rcon client logging in
﻿00:07:39 : RCon admin #0 (127.0.0.1:52150) logged in
﻿00:08:32 : Lost Connection!
﻿00:08:32 : Closing socket & exiting!
﻿00:09:09 : Rcon client logging in
﻿00:09:09 : RCon admin #0 (127.0.0.1:57075) logged in
﻿00:09:16 : Player #0 Barney (79.197.145.248:2304) connected
﻿00:09:17 : Connected to BE Master
﻿00:09:18 : Player #0 Barney - BE GUID: 70a20e63f53fdd7f0c6112408876bfe4
﻿00:09:18 : Verified GUID (70a20e63f53fdd7f0c6112408876bfe4) of player #0 Barney
﻿00:09:42 : Lost Connection!
﻿00:09:42 : Closing socket & exiting!
﻿00:10:18 : Rcon client logging in
﻿00:10:19 : RCon admin #0 (127.0.0.1:53015) logged in
﻿00:10:52 : Player #0 Barney (79.197.145.248:2304) connected
﻿00:10:52 : Connected to BE Master
﻿00:10:53 : Player #0 Barney - BE GUID: 70a20e63f53fdd7f0c6112408876bfe4
﻿00:10:53 : Verified GUID (70a20e63f53fdd7f0c6112408876bfe4) of player #0 Barney
﻿00:35:40 : Lost Connection!
﻿00:35:40 : Closing socket & exiting!
﻿00:36:19 : Rcon client logging in
﻿00:36:19 : RCon admin #0 (127.0.0.1:62585) logged in
﻿00:37:51 : Player #0 Barney (79.197.145.248:2304) connected
﻿00:37:51 : Connected to BE Master
﻿00:37:52 : Player #0 Barney - BE GUID: 70a20e63f53fdd7f0c6112408876bfe4
﻿00:37:53 : Verified GUID (70a20e63f53fdd7f0c6112408876bfe4) of player #0 Barney
﻿00:38:19 : Player #0 Barney disconnected
﻿00:39:35 : Player #0 Barney (79.197.145.248:2304) connected
﻿00:39:36 : Player #0 Barney - BE GUID: 70a20e63f53fdd7f0c6112408876bfe4
﻿00:39:37 : Verified GUID (70a20e63f53fdd7f0c6112408876bfe4) of player #0 Barney
﻿00:42:27 : Player #0 Barney disconnected
﻿05:36:19 : RCon admin #0: (Global) Server Restart in 1 hour!
﻿06:06:19 : RCon admin #0: (Global) Server Restart in 30 Minutes!
﻿06:21:19 : RCon admin #0: (Global) Server Restart in 15 Minutes!
﻿06:26:19 : RCon admin #0: (Global) Server Restart in 10 Minutes!
﻿06:31:19 : RCon admin #0: (Global) Server Restart in 5 Minutes!
﻿06:33:20 : RCon admin #0: (Global) Server Restart in 3 Minutes!
﻿06:35:20 : RCon admin #0: (Global) Server Restart in 1 Minutes!
﻿06:35:50 : RCon admin #0: (Global) Server Restart in 30 SECONDS!
﻿06:36:24 : Lost Connection!
﻿06:36:24 : Closing socket & exiting!
﻿06:37:02 : Rcon client logging in
﻿06:37:02 : RCon admin #0 (127.0.0.1:58559) logged in
﻿11:37:02 : RCon admin #0: (Global) Server Restart in 1 hour!
﻿12:07:02 : RCon admin #0: (Global) Server Restart in 30 Minutes!
﻿12:22:02 : RCon admin #0: (Global) Server Restart in 15 Minutes!
﻿12:27:02 : RCon admin #0: (Global) Server Restart in 10 Minutes!
﻿12:32:02 : RCon admin #0: (Global) Server Restart in 5 Minutes!
﻿12:34:02 : RCon admin #0: (Global) Server Restart in 3 Minutes!
﻿12:36:02 : RCon admin #0: (Global) Server Restart in 1 Minutes!
﻿12:36:32 : RCon admin #0: (Global) Server Restart in 30 SECONDS!
﻿12:37:07 : Lost Connection!
﻿12:37:07 : Closing socket & exiting!
﻿12:37:43 : Rcon client logging in
﻿12:37:43 : RCon admin #0 (127.0.0.1:56079) logged in
﻿17:37:43 : RCon admin #0: (Global) Server Restart in 1 hour!
﻿18:07:43 : RCon admin #0: (Global) Server Restart in 30 Minutes!
﻿18:22:43 : RCon admin #0: (Global) Server Restart in 15 Minutes!
﻿18:27:43 : RCon admin #0: (Global) Server Restart in 10 Minutes!
﻿18:32:43 : RCon admin #0: (Global) Server Restart in 5 Minutes!
﻿18:34:43 : RCon admin #0: (Global) Server Restart in 3 Minutes!
﻿18:36:43 : RCon admin #0: (Global) Server Restart in 1 Minutes!
﻿18:37:13 : RCon admin #0: (Global) Server Restart in 30 SECONDS!
﻿18:37:48 : Lost Connection!
﻿18:37:48 : Closing socket & exiting!
﻿18:38:25 : Rcon client logging in
﻿18:38:25 : RCon admin #0 (127.0.0.1:55814) logged in
﻿23:38:25 : RCon admin #0: (Global) Server Restart in 1 hour!
