00:18:19 : RCon admin #2 (79.197.145.248:52201) logged in
﻿01:06:53 : Rcon client logging in
﻿01:06:53 : RCon admin #1 (127.0.0.1:49203) logged in
﻿01:09:46 : Lost Connection!
﻿01:09:46 : Closing socket & exiting!
﻿01:10:24 : Rcon client logging in
﻿01:10:24 : RCon admin #1 (127.0.0.1:51180) logged in
﻿06:10:24 : RCon admin #1: (Global) Server Restart in 1 hour!
﻿06:40:24 : RCon admin #1: (Global) Server Restart in 30 Minutes!
﻿06:55:24 : RCon admin #1: (Global) Server Restart in 15 Minutes!
﻿07:00:24 : RCon admin #1: (Global) Server Restart in 10 Minutes!
﻿07:05:24 : RCon admin #1: (Global) Server Restart in 5 Minutes!
﻿07:07:24 : RCon admin #1: (Global) Server Restart in 3 Minutes!
﻿07:09:24 : RCon admin #1: (Global) Server Restart in 1 Minutes!
﻿07:09:54 : RCon admin #1: (Global) Server Restart in 30 SECONDS!
﻿07:10:30 : Lost Connection!
﻿07:10:30 : Closing socket & exiting!
﻿07:11:07 : Rcon client logging in
﻿07:11:07 : RCon admin #0 (127.0.0.1:58789) logged in
﻿12:11:07 : RCon admin #0: (Global) Server Restart in 1 hour!
﻿12:41:07 : RCon admin #0: (Global) Server Restart in 30 Minutes!
﻿12:56:07 : RCon admin #0: (Global) Server Restart in 15 Minutes!
﻿13:01:07 : RCon admin #0: (Global) Server Restart in 10 Minutes!
﻿13:06:07 : RCon admin #0: (Global) Server Restart in 5 Minutes!
﻿13:08:07 : RCon admin #0: (Global) Server Restart in 3 Minutes!
﻿13:10:07 : RCon admin #0: (Global) Server Restart in 1 Minutes!
﻿13:10:37 : RCon admin #0: (Global) Server Restart in 30 SECONDS!
﻿13:11:14 : Lost Connection!
﻿13:11:14 : Closing socket & exiting!
﻿13:11:48 : Rcon client logging in
﻿13:11:48 : RCon admin #0 (127.0.0.1:56122) logged in
﻿16:17:11 : Player #0 Barney (79.197.145.248:2304) connected
﻿16:17:11 : Connected to BE Master
﻿16:17:12 : Player #0 Barney - BE GUID: 70a20e63f53fdd7f0c6112408876bfe4
﻿16:17:12 : Verified GUID (70a20e63f53fdd7f0c6112408876bfe4) of player #0 Barney
﻿16:23:11 : Player #0 Barney disconnected
﻿16:32:41 : Player #0 Barney (79.197.145.248:2304) connected
﻿16:32:42 : Player #0 Barney - BE GUID: 70a20e63f53fdd7f0c6112408876bfe4
﻿16:32:43 : Verified GUID (70a20e63f53fdd7f0c6112408876bfe4) of player #0 Barney
﻿16:38:31 : Lost Connection!
﻿16:38:31 : Closing socket & exiting!
﻿16:39:19 : Rcon client logging in
﻿16:39:20 : RCon admin #0 (127.0.0.1:53486) logged in
﻿16:39:38 : Player #0 Barney (79.197.145.248:2304) connected
﻿16:39:38 : Connected to BE Master
﻿16:39:39 : Player #0 Barney - BE GUID: 70a20e63f53fdd7f0c6112408876bfe4
﻿16:39:39 : Verified GUID (70a20e63f53fdd7f0c6112408876bfe4) of player #0 Barney
﻿16:55:25 : Player #0 Barney disconnected
﻿21:39:20 : RCon admin #0: (Global) Server Restart in 1 hour!
﻿22:09:20 : RCon admin #0: (Global) Server Restart in 30 Minutes!
﻿22:24:20 : RCon admin #0: (Global) Server Restart in 15 Minutes!
﻿22:29:20 : RCon admin #0: (Global) Server Restart in 10 Minutes!
﻿22:34:20 : RCon admin #0: (Global) Server Restart in 5 Minutes!
﻿22:36:20 : RCon admin #0: (Global) Server Restart in 3 Minutes!
﻿22:38:20 : RCon admin #0: (Global) Server Restart in 1 Minutes!
﻿22:38:50 : RCon admin #0: (Global) Server Restart in 30 SECONDS!
﻿22:39:25 : Lost Connection!
﻿22:39:25 : Closing socket & exiting!
﻿22:40:01 : Rcon client logging in
﻿22:40:01 : RCon admin #0 (127.0.0.1:60842) logged in
﻿23:29:40 : Lost Connection!
﻿23:29:40 : Closing socket & exiting!
﻿23:30:22 : Rcon client logging in
﻿23:30:22 : RCon admin #0 (127.0.0.1:54066) logged in
﻿23:30:50 : Player #0 Barney (79.197.145.248:2304) connected
﻿23:30:50 : Connected to BE Master
﻿23:30:52 : Player #0 Barney - BE GUID: 70a20e63f53fdd7f0c6112408876bfe4
﻿23:30:52 : Verified GUID (70a20e63f53fdd7f0c6112408876bfe4) of player #0 Barney
﻿23:53:39 : Rcon client logging in
﻿23:53:39 : RCon admin #0 (127.0.0.1:55285) logged in
﻿23:55:13 : Player #0 Barney (79.197.145.248:2304) connected
﻿23:55:13 : Connected to BE Master
﻿23:55:14 : Player #0 Barney - BE GUID: 70a20e63f53fdd7f0c6112408876bfe4
﻿23:55:14 : Verified GUID (70a20e63f53fdd7f0c6112408876bfe4) of player #0 Barney
﻿23:56:08 : Lost Connection!
﻿23:56:08 : Closing socket & exiting!
﻿23:56:44 : Rcon client logging in
﻿23:56:44 : RCon admin #0 (127.0.0.1:52532) logged in
﻿23:57:11 : Player #0 Barney (79.197.145.248:2304) connected
﻿23:57:11 : Connected to BE Master
﻿23:57:12 : Player #0 Barney - BE GUID: 70a20e63f53fdd7f0c6112408876bfe4
﻿23:57:13 : Verified GUID (70a20e63f53fdd7f0c6112408876bfe4) of player #0 Barney
﻿23:57:48 : Player #0 Barney disconnected
